<?xml version="1.0" encoding="UTF-8"?>
<!-- Generated by org.testng.reporters.JUnitXMLReporter -->
<testsuite ignored="0" hostname="LAPTOP-LFOGEP19" failures="0" tests="5" name="Default test" time="93.731" errors="0" timestamp="2023-05-09T17:05:14 CDT">
  <testcase classname="test_Poorna.create_Opp_Test_Poorna" name="create_new_Opp_TC16" time="17.067"/>
  <testcase classname="test_Poorna.create_Opp_Test_Poorna" name="create_new_Opp_TC17" time="18.274"/>
  <testcase classname="test_Poorna.create_Opp_Test_Poorna" name="opportunities_Drop_Down_TC15" time="15.17"/>
  <testcase classname="test_Poorna.create_Opp_Test_Poorna" name="reports_struck_Opp_TC18" time="21.584"/>
  <testcase classname="test_Poorna.create_Opp_Test_Poorna" name="search_Criteria_TC19" time="17.561"/>
</testsuite> <!-- Default test -->
