<?xml version="1.0" encoding="UTF-8"?>
<!-- Generated by org.testng.reporters.JUnitXMLReporter -->
<testsuite ignored="2" hostname="LAPTOP-LFOGEP19" failures="0" tests="1" name="Default test" time="14.799" errors="0" timestamp="2023-05-05T14:43:11 CDT">
  <testcase classname="test_Poorna.create_Opp_Test_Poorna" name="create_new_Opp_TC16" time="13.614"/>
  <testcase classname="test_Poorna.create_Opp_Test_Poorna" name="opportunities_Drop_Down_TC15" time="0.0">
    <ignored/>
  </testcase> <!-- opportunities_Drop_Down_TC15 -->
  <testcase classname="test_Poorna.create_Opp_Test_Poorna" name="create_new_Opp_TC17" time="0.0">
    <ignored/>
  </testcase> <!-- create_new_Opp_TC17 -->
</testsuite> <!-- Default test -->
