<?xml version="1.0" encoding="UTF-8"?>
<testng-results ignored="0" total="5" passed="5" failed="0" skipped="0">
  <reporter-output>
  </reporter-output>
  <suite started-at="2023-05-09T17:03:40 CDT" name="Default suite" finished-at="2023-05-09T17:05:14 CDT" duration-ms="93731">
    <groups>
    </groups>
    <test started-at="2023-05-09T17:03:40 CDT" name="Default test" finished-at="2023-05-09T17:05:14 CDT" duration-ms="93731">
      <class name="test_Poorna.create_Opp_Test_Poorna">
        <test-method is-config="true" signature="setUp()[pri:0, instance:test_Poorna.create_Opp_Test_Poorna@6256ac4f]" started-at="2023-05-09T17:03:40 CDT" name="setUp" finished-at="2023-05-09T17:03:40 CDT" duration-ms="89" status="PASS">
          <reporter-output>
          </reporter-output>
        </test-method> <!-- setUp -->
        <test-method is-config="true" signature="setDriver(java.lang.reflect.Method)[pri:0, instance:test_Poorna.create_Opp_Test_Poorna@6256ac4f]" started-at="2023-05-09T17:03:40 CDT" name="setDriver" finished-at="2023-05-09T17:03:41 CDT" duration-ms="1157" status="PASS">
          <params>
            <param index="0">
              <value>
                <![CDATA[public void test_Poorna.create_Opp_Test_Poorna.create_new_Opp_TC16() throws java.io.IOException,java.lang.InterruptedException]]>
              </value>
            </param>
          </params>
          <reporter-output>
          </reporter-output>
        </test-method> <!-- setDriver -->
        <test-method signature="create_new_Opp_TC16()[pri:0, instance:test_Poorna.create_Opp_Test_Poorna@6256ac4f]" started-at="2023-05-09T17:03:41 CDT" name="create_new_Opp_TC16" finished-at="2023-05-09T17:03:58 CDT" duration-ms="17067" status="PASS">
          <reporter-output>
          </reporter-output>
        </test-method> <!-- create_new_Opp_TC16 -->
        <test-method is-config="true" signature="setDriver(java.lang.reflect.Method)[pri:0, instance:test_Poorna.create_Opp_Test_Poorna@6256ac4f]" started-at="2023-05-09T17:03:58 CDT" name="setDriver" finished-at="2023-05-09T17:03:59 CDT" duration-ms="674" status="PASS">
          <params>
            <param index="0">
              <value>
                <![CDATA[public void test_Poorna.create_Opp_Test_Poorna.create_new_Opp_TC17() throws java.io.IOException,java.lang.InterruptedException]]>
              </value>
            </param>
          </params>
          <reporter-output>
          </reporter-output>
        </test-method> <!-- setDriver -->
        <test-method signature="create_new_Opp_TC17()[pri:0, instance:test_Poorna.create_Opp_Test_Poorna@6256ac4f]" started-at="2023-05-09T17:03:59 CDT" name="create_new_Opp_TC17" finished-at="2023-05-09T17:04:17 CDT" duration-ms="18274" status="PASS">
          <reporter-output>
          </reporter-output>
        </test-method> <!-- create_new_Opp_TC17 -->
        <test-method is-config="true" signature="setDriver(java.lang.reflect.Method)[pri:0, instance:test_Poorna.create_Opp_Test_Poorna@6256ac4f]" started-at="2023-05-09T17:04:17 CDT" name="setDriver" finished-at="2023-05-09T17:04:18 CDT" duration-ms="763" status="PASS">
          <params>
            <param index="0">
              <value>
                <![CDATA[public void test_Poorna.create_Opp_Test_Poorna.opportunities_Drop_Down_TC15() throws java.io.IOException]]>
              </value>
            </param>
          </params>
          <reporter-output>
          </reporter-output>
        </test-method> <!-- setDriver -->
        <test-method signature="opportunities_Drop_Down_TC15()[pri:0, instance:test_Poorna.create_Opp_Test_Poorna@6256ac4f]" started-at="2023-05-09T17:04:18 CDT" name="opportunities_Drop_Down_TC15" finished-at="2023-05-09T17:04:33 CDT" duration-ms="15170" status="PASS">
          <reporter-output>
          </reporter-output>
        </test-method> <!-- opportunities_Drop_Down_TC15 -->
        <test-method is-config="true" signature="setDriver(java.lang.reflect.Method)[pri:0, instance:test_Poorna.create_Opp_Test_Poorna@6256ac4f]" started-at="2023-05-09T17:04:33 CDT" name="setDriver" finished-at="2023-05-09T17:04:34 CDT" duration-ms="749" status="PASS">
          <params>
            <param index="0">
              <value>
                <![CDATA[public void test_Poorna.create_Opp_Test_Poorna.reports_struck_Opp_TC18() throws java.io.IOException,java.lang.InterruptedException]]>
              </value>
            </param>
          </params>
          <reporter-output>
          </reporter-output>
        </test-method> <!-- setDriver -->
        <test-method signature="reports_struck_Opp_TC18()[pri:0, instance:test_Poorna.create_Opp_Test_Poorna@6256ac4f]" started-at="2023-05-09T17:04:34 CDT" name="reports_struck_Opp_TC18" finished-at="2023-05-09T17:04:55 CDT" duration-ms="21584" status="PASS">
          <reporter-output>
          </reporter-output>
        </test-method> <!-- reports_struck_Opp_TC18 -->
        <test-method is-config="true" signature="setDriver(java.lang.reflect.Method)[pri:0, instance:test_Poorna.create_Opp_Test_Poorna@6256ac4f]" started-at="2023-05-09T17:04:55 CDT" name="setDriver" finished-at="2023-05-09T17:04:56 CDT" duration-ms="678" status="PASS">
          <params>
            <param index="0">
              <value>
                <![CDATA[public void test_Poorna.create_Opp_Test_Poorna.search_Criteria_TC19() throws java.io.IOException,java.lang.InterruptedException]]>
              </value>
            </param>
          </params>
          <reporter-output>
          </reporter-output>
        </test-method> <!-- setDriver -->
        <test-method signature="search_Criteria_TC19()[pri:0, instance:test_Poorna.create_Opp_Test_Poorna@6256ac4f]" started-at="2023-05-09T17:04:56 CDT" name="search_Criteria_TC19" finished-at="2023-05-09T17:05:14 CDT" duration-ms="17561" status="PASS">
          <reporter-output>
          </reporter-output>
        </test-method> <!-- search_Criteria_TC19 -->
        <test-method is-config="true" signature="teardown()[pri:0, instance:test_Poorna.create_Opp_Test_Poorna@6256ac4f]" started-at="2023-05-09T17:05:14 CDT" name="teardown" finished-at="2023-05-09T17:05:14 CDT" duration-ms="506" status="PASS">
          <reporter-output>
          </reporter-output>
        </test-method> <!-- teardown -->
      </class> <!-- test_Poorna.create_Opp_Test_Poorna -->
    </test> <!-- Default test -->
  </suite> <!-- Default suite -->
</testng-results>
