<?xml version="1.0" encoding="UTF-8"?>
<testng-results ignored="5" total="6" passed="1" failed="0" skipped="0">
  <reporter-output>
  </reporter-output>
  <suite started-at="2023-04-28T09:38:17 CDT" name="Default suite" finished-at="2023-04-28T09:38:19 CDT" duration-ms="2281">
    <groups>
    </groups>
    <test started-at="2023-04-28T09:38:17 CDT" name="Default test" finished-at="2023-04-28T09:38:19 CDT" duration-ms="2281">
      <class name="test_Poorna.Login_Test_Poorna">
        <test-method is-config="true" signature="setUp()[pri:0, instance:test_Poorna.Login_Test_Poorna@649725e3]" started-at="2023-04-28T09:38:17 CDT" name="setUp" finished-at="2023-04-28T09:38:17 CDT" duration-ms="100" status="PASS">
          <reporter-output>
          </reporter-output>
        </test-method> <!-- setUp -->
        <test-method is-config="true" signature="setDriver(java.lang.reflect.Method)[pri:0, instance:test_Poorna.Login_Test_Poorna@649725e3]" started-at="2023-04-28T09:38:17 CDT" name="setDriver" finished-at="2023-04-28T09:38:18 CDT" duration-ms="1302" status="PASS">
          <params>
            <param index="0">
              <value>
                <![CDATA[public void test_Poorna.Login_Test_Poorna.PasswordRest_Tc04_A() throws java.io.IOException]]>
              </value>
            </param>
          </params>
          <reporter-output>
          </reporter-output>
        </test-method> <!-- setDriver -->
        <test-method signature="PasswordRest_Tc04_A()[pri:0, instance:test_Poorna.Login_Test_Poorna@649725e3]" started-at="2023-04-28T09:38:18 CDT" name="PasswordRest_Tc04_A" finished-at="2023-04-28T09:38:19 CDT" duration-ms="945" status="PASS">
          <reporter-output>
          </reporter-output>
        </test-method> <!-- PasswordRest_Tc04_A -->
        <test-method is-config="true" signature="teardown()[pri:0, instance:test_Poorna.Login_Test_Poorna@649725e3]" started-at="2023-04-28T09:38:19 CDT" name="teardown" finished-at="2023-04-28T09:38:20 CDT" duration-ms="234" status="PASS">
          <reporter-output>
          </reporter-output>
        </test-method> <!-- teardown -->
      </class> <!-- test_Poorna.Login_Test_Poorna -->
    </test> <!-- Default test -->
  </suite> <!-- Default suite -->
</testng-results>
