<?xml version="1.0" encoding="UTF-8"?>
<!-- Generated by org.testng.reporters.JUnitXMLReporter -->
<testsuite ignored="6" hostname="LAPTOP-LFOGEP19" failures="1" tests="6" name="Test/smoke" time="44.782" errors="0" timestamp="2023-04-12T17:52:53 CDT">
  <testcase classname="test_Poorna.Login_Test_Poorna" name="ClickRememberMeTC3" time="2.931"/>
  <testcase classname="test_Poorna.Login_Test_Poorna" name="Login_Error_MessageTC01" time="1.364"/>
  <testcase classname="test_Poorna.Login_Test_Poorna" name="Login_HomePage_Displayed02" time="6.767"/>
  <testcase classname="test_Poorna.Login_Test_Poorna" name="PasswordRest_Tc04_A" time="1.061"/>
  <testcase classname="test_Poorna.Login_Test_Poorna" name="WrongUserNameandPassword_TC04B" time="13.813"/>
  <testcase classname="test_Poorna.User_Menu_Page_Test_Poorna" name="checkDeveloperConsole_TC_08" time="14.037">
    <failure type="java.lang.IndexOutOfBoundsException" message="Index 0 out of bounds for length 0">
      <![CDATA[java.lang.IndexOutOfBoundsException: Index 0 out of bounds for length 0
at java.base/jdk.internal.util.Preconditions.outOfBounds(Preconditions.java:64)
at java.base/jdk.internal.util.Preconditions.outOfBoundsCheckIndex(Preconditions.java:70)
at java.base/jdk.internal.util.Preconditions.checkIndex(Preconditions.java:266)
at java.base/java.util.Objects.checkIndex(Objects.java:359)
at java.base/java.util.ArrayList.get(ArrayList.java:427)
at org.openqa.selenium.support.pagefactory.internal.LocatingElementListHandler.invoke(LocatingElementListHandler.java:39)
at jdk.proxy2/jdk.proxy2.$Proxy28.get(Unknown Source)
at pages_Poorna.User_Menu_Page_Poorna.verifyUserMenuItems(User_Menu_Page_Poorna.java:306)
at test_Poorna.User_Menu_Page_Test_Poorna.checkDeveloperConsole_TC_08(User_Menu_Page_Test_Poorna.java:137)
at java.base/java.util.ArrayList.forEach(ArrayList.java:1511)
... Removed 31 stack frames]]>
    </failure>
  </testcase> <!-- checkDeveloperConsole_TC_08 -->
  <testcase classname="test_Poorna.Base_Test_Poorna" name="@BeforeSuite setUp" time="0.0">
    <ignored/>
  </testcase> <!-- @BeforeSuite setUp -->
  <testcase classname="test_Poorna.User_Menu_Page_Test_Poorna" name="UserMenuDropDownTC_05" time="0.0">
    <ignored/>
  </testcase> <!-- UserMenuDropDownTC_05 -->
  <testcase classname="test_Poorna.Login_Test_Poorna" name="LoginTC02" time="0.0">
    <ignored/>
  </testcase> <!-- LoginTC02 -->
  <testcase classname="test_Poorna.User_Menu_Page_Test_Poorna" name="userMenu_TC06" time="0.0">
    <ignored/>
  </testcase> <!-- userMenu_TC06 -->
  <testcase classname="test_Poorna.Base_Test_Poorna" name="@AfterSuite teardown" time="0.0">
    <ignored/>
  </testcase> <!-- @AfterSuite teardown -->
  <testcase classname="test_Poorna.User_Menu_Page_Test_Poorna" name="UserDrops_TC07" time="0.0">
    <ignored/>
  </testcase> <!-- UserDrops_TC07 -->
</testsuite> <!-- Test/smoke -->
